2021-09-20 14:38:47,788 [Worker-5: Loading available Gradle versions] INFO  o.e.b.c.i.u.g.PublishedGradleVersions - Gradle version information cache is up-to-date. Trying to read.
2021-09-20 14:39:10,459 [Worker-11: Importing Maven projects] INFO  o.e.m.c.i.l.LifecycleMappingFactory - Using org.eclipse.m2e.jdt.JarLifecycleMapping lifecycle mapping for MavenProject: com.everis.bootcamp:taller-maven:1.0-SNAPSHOT @ C:\Users\javia\Desktop\EverisBootcamp\mavenbootcamp\taller-maven\pom.xml.
2021-09-20 14:39:10,783 [Worker-11: Importing Maven projects] INFO  o.e.m.j.i.AbstractJavaProjectConfigurator - Adding source folder /taller-maven/src/main/java
2021-09-20 14:39:10,784 [Worker-11: Importing Maven projects] INFO  o.e.m.j.i.AbstractJavaProjectConfigurator - Adding source folder /taller-maven/src/test/java
2021-09-20 14:39:10,919 [Worker-11: Importing Maven projects] INFO  o.e.m.c.i.p.ProjectConfigurationManager - Imported and configured 1 project(s) in 2 sec
2021-09-20 14:39:11,609 [Worker-12: Building] WARN  o.e.m.c.i.embedder.EclipseLogger - Using platform encoding (Cp1252 actually) to copy filtered resources, i.e. build is platform dependent!
2021-09-20 14:39:11,610 [Worker-12: Building] INFO  o.e.m.c.i.embedder.EclipseLogger - skip non existing resourceDirectory C:\Users\javia\Desktop\EverisBootcamp\mavenbootcamp\taller-maven\src\main\resources
2021-09-20 14:39:11,611 [Worker-12: Building] WARN  o.e.m.c.i.embedder.EclipseLogger - Using platform encoding (Cp1252 actually) to copy filtered resources, i.e. build is platform dependent!
2021-09-20 14:39:11,612 [Worker-12: Building] INFO  o.e.m.c.i.embedder.EclipseLogger - skip non existing resourceDirectory C:\Users\javia\Desktop\EverisBootcamp\mavenbootcamp\taller-maven\src\test\resources
2021-09-20 14:39:11,981 [Worker-4: Download sources and javadoc] INFO  o.e.m.c.i.e.AbstractTransferListenerAdapter - Downloading https://repo.maven.apache.org/maven2/junit/junit/3.8.1/junit-3.8.1-sources.jar
2021-09-20 14:39:12,032 [Worker-4: Download sources and javadoc] INFO  o.e.m.c.i.e.AbstractTransferListenerAdapter - Downloaded https://repo.maven.apache.org/maven2/junit/junit/3.8.1/junit-3.8.1-sources.jar
2021-09-20 14:39:12,036 [Worker-4: Download sources and javadoc] INFO  o.e.m.j.internal.DownloadSourcesJob - Downloaded sources for junit:junit:3.8.1
2021-09-20 14:39:12,638 [Worker-9: Building] WARN  o.e.m.c.i.embedder.EclipseLogger - Using platform encoding (Cp1252 actually) to copy filtered resources, i.e. build is platform dependent!
2021-09-20 14:39:12,639 [Worker-9: Building] INFO  o.e.m.c.i.embedder.EclipseLogger - skip non existing resourceDirectory C:\Users\javia\Desktop\EverisBootcamp\mavenbootcamp\taller-maven\src\main\resources
2021-09-20 14:39:12,640 [Worker-9: Building] WARN  o.e.m.c.i.embedder.EclipseLogger - Using platform encoding (Cp1252 actually) to copy filtered resources, i.e. build is platform dependent!
2021-09-20 14:39:12,640 [Worker-9: Building] INFO  o.e.m.c.i.embedder.EclipseLogger - skip non existing resourceDirectory C:\Users\javia\Desktop\EverisBootcamp\mavenbootcamp\taller-maven\src\test\resources
2021-09-20 14:39:15,338 [Worker-4: Building] WARN  o.e.m.c.i.embedder.EclipseLogger - Using platform encoding (Cp1252 actually) to copy filtered resources, i.e. build is platform dependent!
2021-09-20 14:39:15,339 [Worker-4: Building] INFO  o.e.m.c.i.embedder.EclipseLogger - skip non existing resourceDirectory C:\Users\javia\Desktop\EverisBootcamp\mavenbootcamp\taller-maven\src\main\resources
2021-09-20 14:39:15,340 [Worker-4: Building] WARN  o.e.m.c.i.embedder.EclipseLogger - Using platform encoding (Cp1252 actually) to copy filtered resources, i.e. build is platform dependent!
2021-09-20 14:39:15,340 [Worker-4: Building] INFO  o.e.m.c.i.embedder.EclipseLogger - skip non existing resourceDirectory C:\Users\javia\Desktop\EverisBootcamp\mavenbootcamp\taller-maven\src\test\resources
2021-09-20 14:39:34,810 [main] INFO  o.e.m2e.actions.ExecutePomAction - Creating new launch configuration
2021-09-20 14:39:50,127 [Worker-10: Launching taller-maven] INFO  o.e.m.i.launch.MavenLaunchDelegate - C:\Users\javia\Desktop\EverisBootcamp\mavenbootcamp\taller-maven
2021-09-20 14:39:50,129 [Worker-10: Launching taller-maven] INFO  o.e.m.i.launch.MavenLaunchDelegate -  mvn -B package
2021-09-20 16:36:16,596 [Worker-1: Loading available Gradle versions] INFO  o.e.b.c.i.u.g.PublishedGradleVersions - Gradle version information cache is up-to-date. Trying to read.
2021-09-20 16:36:17,603 [Worker-3: Building] WARN  o.e.m.c.i.embedder.EclipseLogger - Using platform encoding (Cp1252 actually) to copy filtered resources, i.e. build is platform dependent!
2021-09-20 16:36:17,604 [Worker-3: Building] INFO  o.e.m.c.i.embedder.EclipseLogger - skip non existing resourceDirectory C:\Users\javia\Desktop\EverisBootcamp\mirepositorio\bootCamp2\jjacostablascomaven\taller-maven\src\main\resources
2021-09-20 16:36:17,606 [Worker-3: Building] WARN  o.e.m.c.i.embedder.EclipseLogger - Using platform encoding (Cp1252 actually) to copy filtered resources, i.e. build is platform dependent!
2021-09-20 16:36:17,606 [Worker-3: Building] INFO  o.e.m.c.i.embedder.EclipseLogger - skip non existing resourceDirectory C:\Users\javia\Desktop\EverisBootcamp\mirepositorio\bootCamp2\jjacostablascomaven\taller-maven\src\test\resources
2021-09-20 16:36:41,551 [Worker-4: Launching taller-maven] INFO  o.e.m.i.launch.MavenLaunchDelegate - C:\Users\javia\Desktop\EverisBootcamp\mirepositorio\bootCamp2\jjacostablascomaven\taller-maven
2021-09-20 16:36:41,553 [Worker-4: Launching taller-maven] INFO  o.e.m.i.launch.MavenLaunchDelegate -  mvn -B package
2021-09-20 16:38:11,137 [Worker-12: Building] INFO  o.e.m.c.i.l.LifecycleMappingFactory - Using org.eclipse.m2e.jdt.JarLifecycleMapping lifecycle mapping for MavenProject: com.everis.bootcamp:taller-maven:1.0-SNAPSHOT @ C:\Users\javia\Desktop\EverisBootcamp\mirepositorio\bootCamp2\jjacostablascomaven\taller-maven\pom.xml.
2021-09-20 16:38:11,395 [Worker-12: Building] WARN  o.e.m.c.i.embedder.EclipseLogger - Using platform encoding (Cp1252 actually) to copy filtered resources, i.e. build is platform dependent!
2021-09-20 16:38:11,396 [Worker-12: Building] INFO  o.e.m.c.i.embedder.EclipseLogger - skip non existing resourceDirectory C:\Users\javia\Desktop\EverisBootcamp\mirepositorio\bootCamp2\jjacostablascomaven\taller-maven\src\main\resources
2021-09-20 16:38:11,398 [Worker-12: Building] WARN  o.e.m.c.i.embedder.EclipseLogger - Using platform encoding (Cp1252 actually) to copy filtered resources, i.e. build is platform dependent!
2021-09-20 16:38:11,398 [Worker-12: Building] INFO  o.e.m.c.i.embedder.EclipseLogger - skip non existing resourceDirectory C:\Users\javia\Desktop\EverisBootcamp\mirepositorio\bootCamp2\jjacostablascomaven\taller-maven\src\test\resources
2021-09-20 16:38:12,547 [Worker-14: Building] WARN  o.e.m.c.i.embedder.EclipseLogger - Using platform encoding (Cp1252 actually) to copy filtered resources, i.e. build is platform dependent!
2021-09-20 16:38:12,548 [Worker-14: Building] INFO  o.e.m.c.i.embedder.EclipseLogger - skip non existing resourceDirectory C:\Users\javia\Desktop\EverisBootcamp\mirepositorio\bootCamp2\jjacostablascomaven\taller-maven\src\main\resources
2021-09-20 16:38:12,549 [Worker-14: Building] WARN  o.e.m.c.i.embedder.EclipseLogger - Using platform encoding (Cp1252 actually) to copy filtered resources, i.e. build is platform dependent!
2021-09-20 16:38:12,550 [Worker-14: Building] INFO  o.e.m.c.i.embedder.EclipseLogger - skip non existing resourceDirectory C:\Users\javia\Desktop\EverisBootcamp\mirepositorio\bootCamp2\jjacostablascomaven\taller-maven\src\test\resources
2021-09-20 16:38:12,568 [Worker-12: Download sources and javadoc] INFO  o.e.m.c.i.e.AbstractTransferListenerAdapter - Downloading https://repo.maven.apache.org/maven2/joda-time/joda-time/1.6/joda-time-1.6-sources.jar
2021-09-20 16:38:12,736 [Worker-12: Download sources and javadoc] INFO  o.e.m.c.i.e.AbstractTransferListenerAdapter - Downloaded https://repo.maven.apache.org/maven2/joda-time/joda-time/1.6/joda-time-1.6-sources.jar
2021-09-20 16:38:12,864 [Worker-12: Download sources and javadoc] INFO  o.e.m.j.internal.DownloadSourcesJob - Downloaded sources for joda-time:joda-time:1.6
2021-09-20 16:38:13,612 [Worker-0: Building] WARN  o.e.m.c.i.embedder.EclipseLogger - Using platform encoding (Cp1252 actually) to copy filtered resources, i.e. build is platform dependent!
2021-09-20 16:38:13,613 [Worker-0: Building] INFO  o.e.m.c.i.embedder.EclipseLogger - skip non existing resourceDirectory C:\Users\javia\Desktop\EverisBootcamp\mirepositorio\bootCamp2\jjacostablascomaven\taller-maven\src\main\resources
2021-09-20 16:38:13,614 [Worker-0: Building] WARN  o.e.m.c.i.embedder.EclipseLogger - Using platform encoding (Cp1252 actually) to copy filtered resources, i.e. build is platform dependent!
2021-09-20 16:38:13,615 [Worker-0: Building] INFO  o.e.m.c.i.embedder.EclipseLogger - skip non existing resourceDirectory C:\Users\javia\Desktop\EverisBootcamp\mirepositorio\bootCamp2\jjacostablascomaven\taller-maven\src\test\resources
2021-09-20 16:38:35,624 [main] INFO  o.e.m2e.actions.ExecutePomAction - Using existing launch configuration
2021-09-20 16:38:35,720 [Worker-6: Launching taller-maven] INFO  o.e.m.i.launch.MavenLaunchDelegate - C:\Users\javia\Desktop\EverisBootcamp\mirepositorio\bootCamp2\jjacostablascomaven\taller-maven
2021-09-20 16:38:35,720 [Worker-6: Launching taller-maven] INFO  o.e.m.i.launch.MavenLaunchDelegate -  mvn -B package
2021-09-20 16:43:58,747 [Worker-16: Building] WARN  o.e.m.c.i.embedder.EclipseLogger - Using platform encoding (Cp1252 actually) to copy filtered resources, i.e. build is platform dependent!
2021-09-20 16:43:58,748 [Worker-16: Building] INFO  o.e.m.c.i.embedder.EclipseLogger - skip non existing resourceDirectory C:\Users\javia\Desktop\EverisBootcamp\mirepositorio\bootCamp2\jjacostablascomaven\taller-maven\src\main\resources
2021-09-20 16:43:58,748 [Worker-16: Building] WARN  o.e.m.c.i.embedder.EclipseLogger - Using platform encoding (Cp1252 actually) to copy filtered resources, i.e. build is platform dependent!
2021-09-20 16:43:58,749 [Worker-16: Building] INFO  o.e.m.c.i.embedder.EclipseLogger - skip non existing resourceDirectory C:\Users\javia\Desktop\EverisBootcamp\mirepositorio\bootCamp2\jjacostablascomaven\taller-maven\src\test\resources
2021-09-20 16:44:09,204 [Worker-18: Launching App] INFO  o.e.m.c.i.l.LifecycleMappingFactory - Using org.eclipse.m2e.jdt.JarLifecycleMapping lifecycle mapping for MavenProject: com.everis.bootcamp:taller-maven:1.0-SNAPSHOT @ C:\Users\javia\Desktop\EverisBootcamp\mirepositorio\bootCamp2\jjacostablascomaven\taller-maven\pom.xml.
2021-09-20 16:44:09,298 [Worker-18: Launching App] WARN  o.e.m.c.i.embedder.EclipseLogger - Using platform encoding (Cp1252 actually) to copy filtered resources, i.e. build is platform dependent!
2021-09-20 16:44:09,299 [Worker-18: Launching App] INFO  o.e.m.c.i.embedder.EclipseLogger - skip non existing resourceDirectory C:\Users\javia\Desktop\EverisBootcamp\mirepositorio\bootCamp2\jjacostablascomaven\taller-maven\src\main\resources
2021-09-20 16:44:09,300 [Worker-18: Launching App] WARN  o.e.m.c.i.embedder.EclipseLogger - Using platform encoding (Cp1252 actually) to copy filtered resources, i.e. build is platform dependent!
2021-09-20 16:44:09,301 [Worker-18: Launching App] INFO  o.e.m.c.i.embedder.EclipseLogger - skip non existing resourceDirectory C:\Users\javia\Desktop\EverisBootcamp\mirepositorio\bootCamp2\jjacostablascomaven\taller-maven\src\test\resources
2021-09-20 16:44:31,590 [Worker-6: Building] WARN  o.e.m.c.i.embedder.EclipseLogger - Using platform encoding (Cp1252 actually) to copy filtered resources, i.e. build is platform dependent!
2021-09-20 16:44:31,591 [Worker-6: Building] INFO  o.e.m.c.i.embedder.EclipseLogger - skip non existing resourceDirectory C:\Users\javia\Desktop\EverisBootcamp\mirepositorio\bootCamp2\jjacostablascomaven\taller-maven\src\main\resources
2021-09-20 16:44:31,592 [Worker-6: Building] WARN  o.e.m.c.i.embedder.EclipseLogger - Using platform encoding (Cp1252 actually) to copy filtered resources, i.e. build is platform dependent!
2021-09-20 16:44:31,593 [Worker-6: Building] INFO  o.e.m.c.i.embedder.EclipseLogger - skip non existing resourceDirectory C:\Users\javia\Desktop\EverisBootcamp\mirepositorio\bootCamp2\jjacostablascomaven\taller-maven\src\test\resources
2021-09-20 16:44:41,937 [Worker-16: Launching App] WARN  o.e.m.c.i.embedder.EclipseLogger - Using platform encoding (Cp1252 actually) to copy filtered resources, i.e. build is platform dependent!
2021-09-20 16:44:41,938 [Worker-16: Launching App] INFO  o.e.m.c.i.embedder.EclipseLogger - skip non existing resourceDirectory C:\Users\javia\Desktop\EverisBootcamp\mirepositorio\bootCamp2\jjacostablascomaven\taller-maven\src\main\resources
2021-09-20 16:44:41,939 [Worker-16: Launching App] WARN  o.e.m.c.i.embedder.EclipseLogger - Using platform encoding (Cp1252 actually) to copy filtered resources, i.e. build is platform dependent!
2021-09-20 16:44:41,940 [Worker-16: Launching App] INFO  o.e.m.c.i.embedder.EclipseLogger - skip non existing resourceDirectory C:\Users\javia\Desktop\EverisBootcamp\mirepositorio\bootCamp2\jjacostablascomaven\taller-maven\src\test\resources
2021-09-20 16:45:12,914 [Worker-18: Launching App] WARN  o.e.m.c.i.embedder.EclipseLogger - Using platform encoding (Cp1252 actually) to copy filtered resources, i.e. build is platform dependent!
2021-09-20 16:45:12,914 [Worker-18: Launching App] INFO  o.e.m.c.i.embedder.EclipseLogger - skip non existing resourceDirectory C:\Users\javia\Desktop\EverisBootcamp\mirepositorio\bootCamp2\jjacostablascomaven\taller-maven\src\main\resources
2021-09-20 16:45:12,915 [Worker-18: Launching App] WARN  o.e.m.c.i.embedder.EclipseLogger - Using platform encoding (Cp1252 actually) to copy filtered resources, i.e. build is platform dependent!
2021-09-20 16:45:12,916 [Worker-18: Launching App] INFO  o.e.m.c.i.embedder.EclipseLogger - skip non existing resourceDirectory C:\Users\javia\Desktop\EverisBootcamp\mirepositorio\bootCamp2\jjacostablascomaven\taller-maven\src\test\resources
2021-09-20 16:45:50,614 [Worker-19: Launching App] WARN  o.e.m.c.i.embedder.EclipseLogger - Using platform encoding (Cp1252 actually) to copy filtered resources, i.e. build is platform dependent!
2021-09-20 16:45:50,615 [Worker-19: Launching App] INFO  o.e.m.c.i.embedder.EclipseLogger - skip non existing resourceDirectory C:\Users\javia\Desktop\EverisBootcamp\mirepositorio\bootCamp2\jjacostablascomaven\taller-maven\src\main\resources
2021-09-20 16:45:50,615 [Worker-19: Launching App] WARN  o.e.m.c.i.embedder.EclipseLogger - Using platform encoding (Cp1252 actually) to copy filtered resources, i.e. build is platform dependent!
2021-09-20 16:45:50,616 [Worker-19: Launching App] INFO  o.e.m.c.i.embedder.EclipseLogger - skip non existing resourceDirectory C:\Users\javia\Desktop\EverisBootcamp\mirepositorio\bootCamp2\jjacostablascomaven\taller-maven\src\test\resources
2021-09-20 16:46:04,522 [Worker-6: Launching App] WARN  o.e.m.c.i.embedder.EclipseLogger - Using platform encoding (Cp1252 actually) to copy filtered resources, i.e. build is platform dependent!
2021-09-20 16:46:04,523 [Worker-6: Launching App] INFO  o.e.m.c.i.embedder.EclipseLogger - skip non existing resourceDirectory C:\Users\javia\Desktop\EverisBootcamp\mirepositorio\bootCamp2\jjacostablascomaven\taller-maven\src\main\resources
2021-09-20 16:46:04,523 [Worker-6: Launching App] WARN  o.e.m.c.i.embedder.EclipseLogger - Using platform encoding (Cp1252 actually) to copy filtered resources, i.e. build is platform dependent!
2021-09-20 16:46:04,524 [Worker-6: Launching App] INFO  o.e.m.c.i.embedder.EclipseLogger - skip non existing resourceDirectory C:\Users\javia\Desktop\EverisBootcamp\mirepositorio\bootCamp2\jjacostablascomaven\taller-maven\src\test\resources
2021-09-20 16:46:17,188 [Worker-9: Building] WARN  o.e.m.c.i.embedder.EclipseLogger - Using platform encoding (Cp1252 actually) to copy filtered resources, i.e. build is platform dependent!
2021-09-20 16:46:17,188 [Worker-9: Building] INFO  o.e.m.c.i.embedder.EclipseLogger - skip non existing resourceDirectory C:\Users\javia\Desktop\EverisBootcamp\mirepositorio\bootCamp2\jjacostablascomaven\taller-maven\src\main\resources
2021-09-20 16:46:17,189 [Worker-9: Building] WARN  o.e.m.c.i.embedder.EclipseLogger - Using platform encoding (Cp1252 actually) to copy filtered resources, i.e. build is platform dependent!
2021-09-20 16:46:17,189 [Worker-9: Building] INFO  o.e.m.c.i.embedder.EclipseLogger - skip non existing resourceDirectory C:\Users\javia\Desktop\EverisBootcamp\mirepositorio\bootCamp2\jjacostablascomaven\taller-maven\src\test\resources
2021-09-20 16:48:21,660 [Worker-18: Building] WARN  o.e.m.c.i.embedder.EclipseLogger - Using platform encoding (Cp1252 actually) to copy filtered resources, i.e. build is platform dependent!
2021-09-20 16:48:21,660 [Worker-18: Building] INFO  o.e.m.c.i.embedder.EclipseLogger - skip non existing resourceDirectory C:\Users\javia\Desktop\EverisBootcamp\mirepositorio\bootCamp2\jjacostablascomaven\taller-maven\src\main\resources
2021-09-20 16:48:21,662 [Worker-18: Building] WARN  o.e.m.c.i.embedder.EclipseLogger - Using platform encoding (Cp1252 actually) to copy filtered resources, i.e. build is platform dependent!
2021-09-20 16:48:21,662 [Worker-18: Building] INFO  o.e.m.c.i.embedder.EclipseLogger - skip non existing resourceDirectory C:\Users\javia\Desktop\EverisBootcamp\mirepositorio\bootCamp2\jjacostablascomaven\taller-maven\src\test\resources
2021-09-20 16:48:42,687 [Worker-19: Building] WARN  o.e.m.c.i.embedder.EclipseLogger - Using platform encoding (Cp1252 actually) to copy filtered resources, i.e. build is platform dependent!
2021-09-20 16:48:42,687 [Worker-19: Building] INFO  o.e.m.c.i.embedder.EclipseLogger - skip non existing resourceDirectory C:\Users\javia\Desktop\EverisBootcamp\mirepositorio\bootCamp2\jjacostablascomaven\taller-maven\src\main\resources
2021-09-20 16:48:42,688 [Worker-19: Building] WARN  o.e.m.c.i.embedder.EclipseLogger - Using platform encoding (Cp1252 actually) to copy filtered resources, i.e. build is platform dependent!
2021-09-20 16:48:42,689 [Worker-19: Building] INFO  o.e.m.c.i.embedder.EclipseLogger - skip non existing resourceDirectory C:\Users\javia\Desktop\EverisBootcamp\mirepositorio\bootCamp2\jjacostablascomaven\taller-maven\src\test\resources
2021-09-20 16:49:06,028 [Worker-18: Building] WARN  o.e.m.c.i.embedder.EclipseLogger - Using platform encoding (Cp1252 actually) to copy filtered resources, i.e. build is platform dependent!
2021-09-20 16:49:06,028 [Worker-18: Building] INFO  o.e.m.c.i.embedder.EclipseLogger - skip non existing resourceDirectory C:\Users\javia\Desktop\EverisBootcamp\mirepositorio\bootCamp2\jjacostablascomaven\taller-maven\src\main\resources
2021-09-20 16:49:06,029 [Worker-18: Building] WARN  o.e.m.c.i.embedder.EclipseLogger - Using platform encoding (Cp1252 actually) to copy filtered resources, i.e. build is platform dependent!
2021-09-20 16:49:06,029 [Worker-18: Building] INFO  o.e.m.c.i.embedder.EclipseLogger - skip non existing resourceDirectory C:\Users\javia\Desktop\EverisBootcamp\mirepositorio\bootCamp2\jjacostablascomaven\taller-maven\src\test\resources
2021-09-20 17:25:36,708 [Worker-2: Loading available Gradle versions] INFO  o.e.b.c.i.u.g.PublishedGradleVersions - Gradle version information cache is up-to-date. Trying to read.
2021-09-20 17:25:37,828 [Worker-2: Building] WARN  o.e.m.c.i.embedder.EclipseLogger - Using platform encoding (Cp1252 actually) to copy filtered resources, i.e. build is platform dependent!
2021-09-20 17:25:37,829 [Worker-2: Building] INFO  o.e.m.c.i.embedder.EclipseLogger - skip non existing resourceDirectory C:\Users\javia\Desktop\EverisBootcamp\mirepositorio\bootCamp2\jjacostablascomaven\taller-maven\src\main\resources
2021-09-20 17:25:37,830 [Worker-2: Building] WARN  o.e.m.c.i.embedder.EclipseLogger - Using platform encoding (Cp1252 actually) to copy filtered resources, i.e. build is platform dependent!
2021-09-20 17:25:37,831 [Worker-2: Building] INFO  o.e.m.c.i.embedder.EclipseLogger - skip non existing resourceDirectory C:\Users\javia\Desktop\EverisBootcamp\mirepositorio\bootCamp2\jjacostablascomaven\taller-maven\src\test\resources
2021-09-20 17:25:54,462 [Worker-1: Building] INFO  o.e.m.c.i.l.LifecycleMappingFactory - Using org.eclipse.m2e.jdt.JarLifecycleMapping lifecycle mapping for MavenProject: com.everis.bootcamp:taller-maven:1.0-SNAPSHOT @ C:\Users\javia\Desktop\EverisBootcamp\mirepositorio\bootCamp2\jjacostablascomaven\taller-maven\pom.xml.
2021-09-20 17:25:54,596 [Worker-1: Building] WARN  o.e.m.c.i.embedder.EclipseLogger - Using platform encoding (Cp1252 actually) to copy filtered resources, i.e. build is platform dependent!
2021-09-20 17:25:54,596 [Worker-1: Building] INFO  o.e.m.c.i.embedder.EclipseLogger - skip non existing resourceDirectory C:\Users\javia\Desktop\EverisBootcamp\mirepositorio\bootCamp2\jjacostablascomaven\taller-maven\src\main\resources
2021-09-20 17:25:54,598 [Worker-1: Building] WARN  o.e.m.c.i.embedder.EclipseLogger - Using platform encoding (Cp1252 actually) to copy filtered resources, i.e. build is platform dependent!
2021-09-20 17:25:54,598 [Worker-1: Building] INFO  o.e.m.c.i.embedder.EclipseLogger - skip non existing resourceDirectory C:\Users\javia\Desktop\EverisBootcamp\mirepositorio\bootCamp2\jjacostablascomaven\taller-maven\src\test\resources
2021-09-20 17:26:11,748 [main] INFO  o.e.m2e.actions.ExecutePomAction - Using existing launch configuration
2021-09-20 17:26:11,791 [Worker-6: Launching taller-maven] INFO  o.e.m.i.launch.MavenLaunchDelegate - C:\Users\javia\Desktop\EverisBootcamp\mirepositorio\bootCamp2\jjacostablascomaven\taller-maven
2021-09-20 17:26:11,791 [Worker-6: Launching taller-maven] INFO  o.e.m.i.launch.MavenLaunchDelegate -  mvn -B package
2021-09-21 08:32:59,902 [Worker-0: Loading available Gradle versions] INFO  o.e.b.c.i.u.g.PublishedGradleVersions - Gradle version information cache is up-to-date. Trying to read.
2021-09-21 08:33:01,943 [Worker-7: Building] WARN  o.e.m.c.i.embedder.EclipseLogger - Using platform encoding (Cp1252 actually) to copy filtered resources, i.e. build is platform dependent!
2021-09-21 08:33:01,944 [Worker-7: Building] INFO  o.e.m.c.i.embedder.EclipseLogger - skip non existing resourceDirectory C:\Users\javia\Desktop\EverisBootcamp\mirepositorio\bootCamp2\jjacostablascomaven\taller-maven\src\main\resources
2021-09-21 08:33:01,945 [Worker-7: Building] WARN  o.e.m.c.i.embedder.EclipseLogger - Using platform encoding (Cp1252 actually) to copy filtered resources, i.e. build is platform dependent!
2021-09-21 08:33:01,946 [Worker-7: Building] INFO  o.e.m.c.i.embedder.EclipseLogger - skip non existing resourceDirectory C:\Users\javia\Desktop\EverisBootcamp\mirepositorio\bootCamp2\jjacostablascomaven\taller-maven\src\test\resources
2021-09-21 08:33:04,817 [Worker-1: Building] INFO  o.e.m.c.i.l.LifecycleMappingFactory - Using org.eclipse.m2e.jdt.JarLifecycleMapping lifecycle mapping for MavenProject: com.everis.bootcamp:taller-maven:1.0-SNAPSHOT @ C:\Users\javia\Desktop\EverisBootcamp\mirepositorio\bootCamp2\jjacostablascomaven\taller-maven\pom.xml.
2021-09-21 08:33:05,111 [Worker-1: Building] WARN  o.e.m.c.i.embedder.EclipseLogger - Using platform encoding (Cp1252 actually) to copy filtered resources, i.e. build is platform dependent!
2021-09-21 08:33:05,112 [Worker-1: Building] INFO  o.e.m.c.i.embedder.EclipseLogger - skip non existing resourceDirectory C:\Users\javia\Desktop\EverisBootcamp\mirepositorio\bootCamp2\jjacostablascomaven\taller-maven\src\main\resources
2021-09-21 08:33:05,113 [Worker-1: Building] WARN  o.e.m.c.i.embedder.EclipseLogger - Using platform encoding (Cp1252 actually) to copy filtered resources, i.e. build is platform dependent!
2021-09-21 08:33:05,113 [Worker-1: Building] INFO  o.e.m.c.i.embedder.EclipseLogger - skip non existing resourceDirectory C:\Users\javia\Desktop\EverisBootcamp\mirepositorio\bootCamp2\jjacostablascomaven\taller-maven\src\test\resources
2021-09-21 08:38:51,483 [Worker-17: Building] INFO  o.e.m.c.i.l.LifecycleMappingFactory - Using org.eclipse.m2e.jdt.JarLifecycleMapping lifecycle mapping for MavenProject: com.everis.bootcamp:taller-maven:1.0-SNAPSHOT @ C:\Users\javia\Desktop\EverisBootcamp\mirepositorio\bootCamp2\jjacostablascomaven\taller-maven\pom.xml.
2021-09-21 08:38:51,618 [Worker-17: Building] WARN  o.e.m.c.i.embedder.EclipseLogger - Using platform encoding (Cp1252 actually) to copy filtered resources, i.e. build is platform dependent!
2021-09-21 08:38:51,619 [Worker-17: Building] INFO  o.e.m.c.i.embedder.EclipseLogger - skip non existing resourceDirectory C:\Users\javia\Desktop\EverisBootcamp\mirepositorio\bootCamp2\jjacostablascomaven\taller-maven\src\main\resources
2021-09-21 08:38:51,621 [Worker-17: Building] WARN  o.e.m.c.i.embedder.EclipseLogger - Using platform encoding (Cp1252 actually) to copy filtered resources, i.e. build is platform dependent!
2021-09-21 08:38:51,621 [Worker-17: Building] INFO  o.e.m.c.i.embedder.EclipseLogger - skip non existing resourceDirectory C:\Users\javia\Desktop\EverisBootcamp\mirepositorio\bootCamp2\jjacostablascomaven\taller-maven\src\test\resources
2021-09-21 08:38:52,755 [Worker-12: Download sources and javadoc] INFO  o.e.m.c.i.e.AbstractTransferListenerAdapter - Downloading https://repo.maven.apache.org/maven2/joda-time/joda-time/2.10.10/joda-time-2.10.10-sources.jar
2021-09-21 08:38:52,824 [Worker-18: Building] WARN  o.e.m.c.i.embedder.EclipseLogger - Using platform encoding (Cp1252 actually) to copy filtered resources, i.e. build is platform dependent!
2021-09-21 08:38:52,824 [Worker-18: Building] INFO  o.e.m.c.i.embedder.EclipseLogger - skip non existing resourceDirectory C:\Users\javia\Desktop\EverisBootcamp\mirepositorio\bootCamp2\jjacostablascomaven\taller-maven\src\main\resources
2021-09-21 08:38:52,825 [Worker-18: Building] WARN  o.e.m.c.i.embedder.EclipseLogger - Using platform encoding (Cp1252 actually) to copy filtered resources, i.e. build is platform dependent!
2021-09-21 08:38:52,826 [Worker-18: Building] INFO  o.e.m.c.i.embedder.EclipseLogger - skip non existing resourceDirectory C:\Users\javia\Desktop\EverisBootcamp\mirepositorio\bootCamp2\jjacostablascomaven\taller-maven\src\test\resources
2021-09-21 08:38:52,858 [Worker-12: Download sources and javadoc] INFO  o.e.m.c.i.e.AbstractTransferListenerAdapter - Downloaded https://repo.maven.apache.org/maven2/joda-time/joda-time/2.10.10/joda-time-2.10.10-sources.jar
2021-09-21 08:38:52,906 [Worker-12: Download sources and javadoc] INFO  o.e.m.j.internal.DownloadSourcesJob - Downloaded sources for joda-time:joda-time:2.10.10
2021-09-21 08:38:53,845 [Worker-12: Building] WARN  o.e.m.c.i.embedder.EclipseLogger - Using platform encoding (Cp1252 actually) to copy filtered resources, i.e. build is platform dependent!
2021-09-21 08:38:53,846 [Worker-12: Building] INFO  o.e.m.c.i.embedder.EclipseLogger - skip non existing resourceDirectory C:\Users\javia\Desktop\EverisBootcamp\mirepositorio\bootCamp2\jjacostablascomaven\taller-maven\src\main\resources
2021-09-21 08:38:53,847 [Worker-12: Building] WARN  o.e.m.c.i.embedder.EclipseLogger - Using platform encoding (Cp1252 actually) to copy filtered resources, i.e. build is platform dependent!
2021-09-21 08:38:53,847 [Worker-12: Building] INFO  o.e.m.c.i.embedder.EclipseLogger - skip non existing resourceDirectory C:\Users\javia\Desktop\EverisBootcamp\mirepositorio\bootCamp2\jjacostablascomaven\taller-maven\src\test\resources
2021-09-21 08:39:14,715 [Worker-20: Building] INFO  o.e.m.c.i.l.LifecycleMappingFactory - Using org.eclipse.m2e.jdt.JarLifecycleMapping lifecycle mapping for MavenProject: com.everis.bootcamp:taller-maven:1.0-SNAPSHOT @ C:\Users\javia\Desktop\EverisBootcamp\mirepositorio\bootCamp2\jjacostablascomaven\taller-maven\pom.xml.
2021-09-21 08:39:14,809 [Worker-20: Building] WARN  o.e.m.c.i.embedder.EclipseLogger - Using platform encoding (Cp1252 actually) to copy filtered resources, i.e. build is platform dependent!
2021-09-21 08:39:14,810 [Worker-20: Building] INFO  o.e.m.c.i.embedder.EclipseLogger - skip non existing resourceDirectory C:\Users\javia\Desktop\EverisBootcamp\mirepositorio\bootCamp2\jjacostablascomaven\taller-maven\src\main\resources
2021-09-21 08:39:14,811 [Worker-20: Building] WARN  o.e.m.c.i.embedder.EclipseLogger - Using platform encoding (Cp1252 actually) to copy filtered resources, i.e. build is platform dependent!
2021-09-21 08:39:14,812 [Worker-20: Building] INFO  o.e.m.c.i.embedder.EclipseLogger - skip non existing resourceDirectory C:\Users\javia\Desktop\EverisBootcamp\mirepositorio\bootCamp2\jjacostablascomaven\taller-maven\src\test\resources
2021-09-21 08:39:15,946 [Worker-12: Building] WARN  o.e.m.c.i.embedder.EclipseLogger - Using platform encoding (Cp1252 actually) to copy filtered resources, i.e. build is platform dependent!
2021-09-21 08:39:15,947 [Worker-12: Building] INFO  o.e.m.c.i.embedder.EclipseLogger - skip non existing resourceDirectory C:\Users\javia\Desktop\EverisBootcamp\mirepositorio\bootCamp2\jjacostablascomaven\taller-maven\src\main\resources
2021-09-21 08:39:15,948 [Worker-12: Building] WARN  o.e.m.c.i.embedder.EclipseLogger - Using platform encoding (Cp1252 actually) to copy filtered resources, i.e. build is platform dependent!
2021-09-21 08:39:15,948 [Worker-12: Building] INFO  o.e.m.c.i.embedder.EclipseLogger - skip non existing resourceDirectory C:\Users\javia\Desktop\EverisBootcamp\mirepositorio\bootCamp2\jjacostablascomaven\taller-maven\src\test\resources
2021-09-21 08:39:24,864 [main] INFO  o.e.m2e.actions.ExecutePomAction - Using existing launch configuration
2021-09-21 08:39:24,978 [Worker-18: Launching taller-maven] INFO  o.e.m.i.launch.MavenLaunchDelegate - C:\Users\javia\Desktop\EverisBootcamp\mirepositorio\bootCamp2\jjacostablascomaven\taller-maven
2021-09-21 08:39:24,978 [Worker-18: Launching taller-maven] INFO  o.e.m.i.launch.MavenLaunchDelegate -  mvn -B package
